<?xml version="1.0" encoding="UTF-8"?>
<!-- Generated by org.testng.reporters.JUnitReportReporter -->
<testsuite hostname="DESKTOP-KUBTV6Q" failures="0" tests="1" name="testpkg.etsytest" time="0.086" errors="0" timestamp="2024-02-14T17:54:48 IST" skipped="0">
  <testcase classname="testpkg.etsytest" name="testing" time="0.086"/>
</testsuite> <!-- testpkg.etsytest -->
